<?xml version="1.0" encoding="UTF-8"?>
<testng-results ignored="0" total="1" passed="1" failed="0" skipped="0">
  <reporter-output>
  </reporter-output>
  <suite started-at="2022-05-13T17:36:23 IST" name="Default suite" finished-at="2022-05-13T17:36:34 IST" duration-ms="10759">
    <groups>
    </groups>
    <test started-at="2022-05-13T17:36:23 IST" name="Default test" finished-at="2022-05-13T17:36:34 IST" duration-ms="10759">
      <class name="com.testngprograms.fileuploadusingrobot">
        <test-method signature="fileupload_testdoc()[pri:0, instance:com.testngprograms.fileuploadusingrobot@1b6e1eff]" started-at="2022-05-13T17:36:23 IST" name="fileupload_testdoc" finished-at="2022-05-13T17:36:34 IST" duration-ms="10708" status="PASS">
          <reporter-output>
          </reporter-output>
        </test-method> <!-- fileupload_testdoc -->
      </class> <!-- com.testngprograms.fileuploadusingrobot -->
    </test> <!-- Default test -->
  </suite> <!-- Default suite -->
</testng-results>
