<?xml version="1.0" encoding="UTF-8"?>
<!-- Generated by org.testng.reporters.JUnitXMLReporter -->
<testsuite ignored="3" hostname="Satheswar" failures="0" tests="4" name="Test" time="0.037" errors="0" timestamp="2022-04-24T13:18:47 IST">
  <testcase classname="com.testngprograms.group2" name="Group2MethodTest2" time="0.004"/>
  <testcase classname="com.testngprograms.group1" name="Group1MethodTest1" time="0.002"/>
  <testcase classname="com.testngprograms.group1" name="Group1MethodTest3" time="0.0"/>
  <testcase classname="com.testngprograms.Test4Test" name="Testmethod2Test" time="0.001"/>
  <testcase classname="com.testngprograms.group2" name="Group3MethodTest3" time="0.0">
    <ignored/>
  </testcase> <!-- Group3MethodTest3 -->
  <testcase classname="com.testngprograms.group1" name="Group1MethodTest2" time="0.0">
    <ignored/>
  </testcase> <!-- Group1MethodTest2 -->
  <testcase classname="com.testngprograms.group2" name="Group2MethodTest1" time="0.0">
    <ignored/>
  </testcase> <!-- Group2MethodTest1 -->
</testsuite> <!-- Test -->
